[2025-10-21--22-50-36 INFO actix_server::builder] starting 5 workers
[2025-10-21--22-50-36 INFO actix_server::server] Tokio runtime found; starting in existing Tokio runtime
[2025-10-21--22-50-36 INFO actix_server::server] starting service: "actix-web-service-127.0.0.1:18488", workers: 5, listening on: 127.0.0.1:18488
[2025-10-21--22-50-36 INFO parity_ws] Listening for new connections on 127.0.0.1:8900.
[2025-10-21--22-50-40 INFO txtx::svm::deploy_program] [Recovery Instructions] - An ephemeral authority account will be created and funded to write to the buffer account.
[2025-10-21--22-50-40 INFO txtx::svm::deploy_program] [Recovery Instructions] - Please save the following information in case the deployment fails and the account needs to be recovered:
[2025-10-21--22-50-40 INFO txtx::svm::deploy_program] [Recovery Instructions] - Ephemeral authority public key: FiH4iiw1zpkbforLduqZmqiMgTwLnM5eeQNK2B6YbSHc
[2025-10-21--22-50-40 INFO txtx::svm::deploy_program] [Recovery Instructions] - Ephemeral authority secret key: [140, 222, 126, 128, 177, 46, 216, 241, 15, 160, 86, 46, 7, 48, 64, 66, 77, 108, 177, 127, 106, 183, 250, 139, 152, 81, 215, 170, 70, 21, 121, 205, 218, 150, 152, 10, 77, 198, 247, 189, 67, 44, 226, 196, 75, 230, 237, 185, 190, 193, 209, 28, 149, 60, 86, 221, 123, 109, 194, 42, 48, 159, 215, 167]
[2025-10-21--22-50-40 INFO txtx::svm::deploy_program] Account Created - Ephemeral authority account created and funded to write to buffer
[2025-10-21--22-50-40 INFO txtx::svm::deploy_program] [Recovery Instructions] - Creating program buffer account at pubkey DCPBdGa7goddCSpgCcCw8zMsyPEqkQ9m8uz42PuZoYD2
[2025-10-21--22-50-40 INFO txtx::svm::deploy_program] Account Created - Program buffer account created
[2025-10-21--22-50-42 INFO txtx::svm::deploy_program] Buffer Ready - Writing to buffer account is complete
[2025-10-21--22-50-42 INFO txtx::svm::deploy_program] Program Created - Program 3feeK7HhTHmmr9ofcsNSb5QjQ6c8Vyhsko6E377Eo2yC has been deployed
[2025-10-21--22-50-42 INFO txtx::svm::deploy_program] Complete - Ephemeral authority account closed and leftover funds returned to payer
[2025-10-21--22-50-43 INFO actix_server::worker] shutting down idle worker
[2025-10-21--22-50-43 INFO actix_server::worker] shutting down idle worker
[2025-10-21--22-50-43 INFO actix_server::worker] shutting down idle worker
[2025-10-21--22-50-43 INFO actix_server::worker] shutting down idle worker
[2025-10-21--22-50-43 INFO actix_server::accept] accept thread stopped
[2025-10-21--22-50-43 INFO actix_server::worker] shutting down idle worker
